<?xml version="1.0" encoding="UTF-8"?>
<!-- Generated by org.testng.reporters.JUnitReportReporter -->
<testsuite hostname="DESKTOP-O5JC87R" failures="0" tests="3" name="swaglab_test.LoginTest" time="34.525" errors="0" timestamp="2025-07-19T14:00:40 IST" skipped="0">
  <testcase classname="swaglab_test.LoginTest" name="loginFromExcel" time="16.095"/>
  <testcase classname="swaglab_test.LoginTest" name="loginSuccessTest" time="9.573"/>
  <testcase classname="swaglab_test.LoginTest" name="loginFromProperties" time="8.857"/>
</testsuite> <!-- swaglab_test.LoginTest -->
