<?xml version="1.0" encoding="UTF-8"?>
<!-- Generated by org.testng.reporters.JUnitReportReporter -->
<testsuite hostname="DESKTOP-O5JC87R" failures="0" tests="2" name="testng.AnnotationTest" time="0.018" errors="0" timestamp="2025-04-10T19:27:21 IST" skipped="0">
  <testcase classname="testng.AnnotationTest" name="Test1" time="0.012"/>
  <testcase classname="testng.AnnotationTest" name="Test2" time="0.006"/>
</testsuite> <!-- testng.AnnotationTest -->
