<?xml version="1.0" encoding="UTF-8"?>
<!-- Generated by org.testng.reporters.JUnitReportReporter -->
<testsuite hostname="DESKTOP-O5JC87R" failures="0" tests="3" name="swaglab_test.LoginTest" time="14.571" errors="0" timestamp="2025-07-21T21:32:03 IST" skipped="0">
  <testcase classname="swaglab_test.LoginTest" name="loginFromProperties" time="3.827"/>
  <testcase classname="swaglab_test.LoginTest" name="loginFromExcel" time="7.121"/>
  <testcase classname="swaglab_test.LoginTest" name="loginSuccessTest" time="3.623"/>
</testsuite> <!-- swaglab_test.LoginTest -->
