<?xml version="1.0" encoding="UTF-8"?>
<!-- Generated by org.testng.reporters.JUnitReportReporter -->
<testsuite hostname="DESKTOP-O5JC87R" failures="0" tests="2" name="testng.AnnotationsExample" time="0.020" errors="0" timestamp="06 Apr 2025 13:34:51 GMT" skipped="0">
  <testcase classname="testng.AnnotationsExample" name="test2" time="0.000"/>
  <testcase classname="testng.AnnotationsExample" name="test1" time="0.020"/>
</testsuite> <!-- testng.AnnotationsExample -->
