<?xml version="1.0" encoding="UTF-8"?>
<!-- Generated by org.testng.reporters.JUnitReportReporter -->
<testsuite hostname="DESKTOP-O5JC87R" failures="0" tests="3" name="swaglab_test.LoginTest" time="49.430" errors="0" timestamp="2025-07-19T15:40:44 IST" skipped="0">
  <testcase classname="swaglab_test.LoginTest" name="loginFromExcel" time="14.214"/>
  <testcase classname="swaglab_test.LoginTest" name="loginSuccessTest" time="23.248"/>
  <testcase classname="swaglab_test.LoginTest" name="loginFromProperties" time="11.968"/>
</testsuite> <!-- swaglab_test.LoginTest -->
