<?xml version="1.0" encoding="UTF-8"?>
<!-- Generated by org.testng.reporters.JUnitReportReporter -->
<testsuite hostname="DESKTOP-O5JC87R" failures="0" tests="1" name="testng.AnnotationsExample2" time="0.003" errors="0" timestamp="06 Apr 2025 13:04:34 GMT" skipped="0">
  <testcase classname="testng.AnnotationsExample2" name="test3" time="0.003"/>
</testsuite> <!-- testng.AnnotationsExample2 -->
