<?xml version="1.0" encoding="UTF-8"?>
<!-- Generated by org.testng.reporters.JUnitReportReporter -->
<testsuite hostname="DESKTOP-O5JC87R" failures="0" tests="3" name="testng.SkipTestDemo" time="0.018" errors="0" timestamp="2025-04-10T21:47:27 IST" skipped="2">
  <testcase classname="testng.SkipTestDemo" name="test2" time="0.015">
    <skipped/>
  </testcase> <!-- test2 -->
  <testcase classname="testng.SkipTestDemo" name="test3" time="0.003"/>
  <testcase classname="testng.SkipTestDemo" name="test1">
    <skipped/>
  </testcase> <!-- test1 -->
</testsuite> <!-- testng.SkipTestDemo -->
