<?xml version="1.0" encoding="UTF-8"?>
<!-- Generated by org.testng.reporters.JUnitReportReporter -->
<testsuite hostname="DESKTOP-O5JC87R" failures="0" tests="3" name="swaglab_test.LoginTest" time="17.101" errors="0" timestamp="21 Jul 2025 16:09:59 GMT" skipped="0">
  <testcase classname="swaglab_test.LoginTest" name="loginFromExcel" time="3.657"/>
  <testcase classname="swaglab_test.LoginTest" name="loginFromProperties" time="10.716"/>
  <testcase classname="swaglab_test.LoginTest" name="loginSuccessTest" time="2.728"/>
</testsuite> <!-- swaglab_test.LoginTest -->
