<?xml version="1.0" encoding="UTF-8"?>
<!-- Generated by org.testng.reporters.JUnitReportReporter -->
<testsuite hostname="DESKTOP-O5JC87R" failures="0" tests="3" name="swaglab_test.LoginTest" time="46.341" errors="0" timestamp="19 Jul 2025 10:32:57 GMT" skipped="0">
  <testcase classname="swaglab_test.LoginTest" name="loginSuccessTest" time="10.693"/>
  <testcase classname="swaglab_test.LoginTest" name="loginFromExcel" time="11.828"/>
  <testcase classname="swaglab_test.LoginTest" name="loginFromProperties" time="23.820"/>
</testsuite> <!-- swaglab_test.LoginTest -->
